Arguments: 
  C:\Program Files\nodejs\node.exe C:\Users\anoop\AppData\Roaming\npm\node_modules\yarn\bin\yarn.js add express

PATH: 
  C:\Python311\Scripts\;C:\Python311\;C:\windows\system32;C:\windows;C:\windows\System32\Wbem;C:\windows\System32\WindowsPowerShell\v1.0\;C:\windows\System32\OpenSSH\;C:\ProgramData\chocolatey\bin;C:\Program Files\Microsoft SQL Server\150\Tools\Binn\;C:\Program Files\Microsoft SQL Server\Client SDK\ODBC\170\Tools\Binn\;C:\Program Files\dotnet\;C:\Program Files\nodejs\;C:\Users\anoop\AppData\Local\Microsoft\WindowsApps;;C:\Users\anoop\AppData\Local\Programs\Microsoft VS Code\bin;C:\Users\anoop\.dotnet\tools;C:\Users\anoop\AppData\Roaming\npm

Yarn version: 
  1.22.19

Node version: 
  18.17.0

Platform: 
  win32 x64

Trace: 
  Error: connect EHOSTUNREACH 104.16.10.34:443
      at TCPConnectWrap.afterConnect [as oncomplete] (node:net:1495:16)

npm manifest: 
  {
    "name": "skecthnow",
    "version": "1.0.0",
    "main": "index.js",
    "author": "Anoop",
    "license": "MIT"
  }

yarn manifest: 
  No manifest

Lockfile: 
  No lockfile
